<?xml version="1.0" encoding="UTF-8"?>
<coverage generated="1591578400729" clover="3.2.0">
  <project timestamp="1591578400729" name="All files">
    <metrics statements="172" coveredstatements="171" conditionals="113" coveredconditionals="112" methods="21" coveredmethods="21" elements="306" coveredelements="304" complexity="0" loc="172" ncloc="172" packages="1" files="3" classes="3"/>
    <file name="easy.js" path="/Users/lambda/Desktop/Interviews/testing/se_js_hut_practice/src/easy.js">
      <metrics statements="14" coveredstatements="14" conditionals="0" coveredconditionals="0" methods="3" coveredmethods="3"/>
      <line num="3" count="1" type="stmt"/>
      <line num="5" count="3" type="stmt"/>
      <line num="6" count="3" type="stmt"/>
      <line num="7" count="3" type="stmt"/>
      <line num="8" count="9" type="stmt"/>
      <line num="10" count="3" type="stmt"/>
      <line num="14" count="1" type="stmt"/>
      <line num="15" count="1" type="stmt"/>
      <line num="16" count="1" type="stmt"/>
      <line num="17" count="1" type="stmt"/>
      <line num="18" count="1" type="stmt"/>
      <line num="27" count="1" type="stmt"/>
      <line num="32" count="1" type="stmt"/>
      <line num="33" count="1" type="stmt"/>
    </file>
    <file name="hard.js" path="/Users/lambda/Desktop/Interviews/testing/se_js_hut_practice/src/hard.js">
      <metrics statements="86" coveredstatements="85" conditionals="33" coveredconditionals="32" methods="15" coveredmethods="15"/>
      <line num="1" count="1" type="stmt"/>
      <line num="2" count="1" type="stmt"/>
      <line num="4" count="1" type="stmt"/>
      <line num="5" count="24" type="stmt"/>
      <line num="16" count="25" type="stmt"/>
      <line num="17" count="3" type="stmt"/>
      <line num="18" count="3" type="stmt"/>
      <line num="19" count="3" type="stmt"/>
      <line num="22" count="25" type="stmt"/>
      <line num="23" count="1" type="stmt"/>
      <line num="26" count="25" type="stmt"/>
      <line num="27" count="3" type="stmt"/>
      <line num="28" count="3" type="stmt"/>
      <line num="29" count="3" type="stmt"/>
      <line num="30" count="3" type="stmt"/>
      <line num="32" count="3" type="stmt"/>
      <line num="35" count="25" type="stmt"/>
      <line num="36" count="25" type="stmt"/>
      <line num="38" count="25" type="stmt"/>
      <line num="39" count="25" type="cond" truecount="2" falsecount="0"/>
      <line num="40" count="24" type="stmt"/>
      <line num="41" count="24" type="stmt"/>
      <line num="45" count="25" type="stmt"/>
      <line num="47" count="4" type="stmt"/>
      <line num="48" count="4" type="stmt"/>
      <line num="49" count="4" type="stmt"/>
      <line num="50" count="4" type="cond" truecount="2" falsecount="0"/>
      <line num="51" count="3" type="stmt"/>
      <line num="52" count="3" type="stmt"/>
      <line num="56" count="4" type="stmt"/>
      <line num="57" count="4" type="cond" truecount="2" falsecount="0"/>
      <line num="58" count="3" type="stmt"/>
      <line num="60" count="4" type="stmt"/>
      <line num="61" count="4" type="stmt"/>
      <line num="65" count="4" type="stmt"/>
      <line num="67" count="4" type="cond" truecount="4" falsecount="0"/>
      <line num="68" count="3" type="stmt"/>
      <line num="69" count="3" type="stmt"/>
      <line num="70" count="3" type="stmt"/>
      <line num="72" count="3" type="stmt"/>
      <line num="73" count="3" type="stmt"/>
      <line num="78" count="25" type="stmt"/>
      <line num="79" count="4" type="stmt"/>
      <line num="80" count="4" type="cond" truecount="2" falsecount="0"/>
      <line num="81" count="3" type="stmt"/>
      <line num="83" count="4" type="stmt"/>
      <line num="84" count="4" type="stmt"/>
      <line num="88" count="4" type="stmt"/>
      <line num="90" count="4" type="cond" truecount="4" falsecount="0"/>
      <line num="91" count="3" type="stmt"/>
      <line num="92" count="3" type="stmt"/>
      <line num="93" count="3" type="stmt"/>
      <line num="94" count="3" type="cond" truecount="2" falsecount="0"/>
      <line num="95" count="2" type="stmt"/>
      <line num="96" count="2" type="stmt"/>
      <line num="99" count="3" type="stmt"/>
      <line num="104" count="25" type="stmt"/>
      <line num="105" count="4" type="stmt"/>
      <line num="106" count="4" type="stmt"/>
      <line num="107" count="10" type="stmt"/>
      <line num="110" count="10" type="stmt"/>
      <line num="111" count="10" type="stmt"/>
      <line num="116" count="10" type="stmt"/>
      <line num="122" count="10" type="cond" truecount="2" falsecount="0"/>
      <line num="123" count="8" type="stmt"/>
      <line num="124" count="8" type="stmt"/>
      <line num="125" count="8" type="stmt"/>
      <line num="126" count="5" type="cond" truecount="2" falsecount="0"/>
      <line num="127" count="2" type="stmt"/>
      <line num="128" count="2" type="stmt"/>
      <line num="129" count="2" type="cond" truecount="4" falsecount="0"/>
      <line num="130" count="1" type="stmt"/>
      <line num="132" count="2" type="stmt"/>
      <line num="139" count="25" type="stmt"/>
      <line num="140" count="3" type="stmt"/>
      <line num="142" count="3" type="stmt"/>
      <line num="144" count="3" type="stmt"/>
      <line num="145" count="3" type="cond" truecount="1" falsecount="1"/>
      <line num="146" count="0" type="stmt"/>
      <line num="148" count="3" type="stmt"/>
      <line num="150" count="3" type="cond" truecount="5" falsecount="0"/>
      <line num="153" count="2" type="stmt"/>
      <line num="157" count="3" type="stmt"/>
      <line num="158" count="3" type="stmt"/>
      <line num="163" count="25" type="stmt"/>
      <line num="169" count="25" type="stmt"/>
    </file>
    <file name="medium.js" path="/Users/lambda/Desktop/Interviews/testing/se_js_hut_practice/src/medium.js">
      <metrics statements="72" coveredstatements="72" conditionals="80" coveredconditionals="80" methods="3" coveredmethods="3"/>
      <line num="1" count="1" type="stmt"/>
      <line num="4" count="5" type="cond" truecount="4" falsecount="0"/>
      <line num="5" count="4" type="stmt"/>
      <line num="6" count="4" type="stmt"/>
      <line num="7" count="5" type="stmt"/>
      <line num="8" count="5" type="stmt"/>
      <line num="9" count="5" type="stmt"/>
      <line num="10" count="8" type="stmt"/>
      <line num="11" count="8" type="stmt"/>
      <line num="12" count="8" type="cond" truecount="2" falsecount="0"/>
      <line num="13" count="7" type="stmt"/>
      <line num="14" count="7" type="stmt"/>
      <line num="15" count="7" type="cond" truecount="4" falsecount="0"/>
      <line num="16" count="2" type="stmt"/>
      <line num="18" count="5" type="cond" truecount="2" falsecount="0"/>
      <line num="19" count="1" type="stmt"/>
      <line num="20" count="4" type="cond" truecount="2" falsecount="0"/>
      <line num="21" count="1" type="stmt"/>
      <line num="22" count="3" type="cond" truecount="2" falsecount="0"/>
      <line num="23" count="1" type="stmt"/>
      <line num="25" count="2" type="stmt"/>
      <line num="28" count="7" type="cond" truecount="2" falsecount="0"/>
      <line num="29" count="6" type="stmt"/>
      <line num="31" count="7" type="stmt"/>
      <line num="32" count="7" type="cond" truecount="2" falsecount="0"/>
      <line num="33" count="2" type="stmt"/>
      <line num="35" count="7" type="stmt"/>
      <line num="36" count="7" type="cond" truecount="2" falsecount="0"/>
      <line num="39" count="7" type="stmt"/>
      <line num="40" count="7" type="stmt"/>
      <line num="41" count="7" type="stmt"/>
      <line num="43" count="7" type="stmt"/>
      <line num="55" count="3" type="cond" truecount="4" falsecount="0"/>
      <line num="56" count="2" type="stmt"/>
      <line num="58" count="3" type="cond" truecount="4" falsecount="0"/>
      <line num="59" count="2" type="stmt"/>
      <line num="61" count="3" type="cond" truecount="4" falsecount="0"/>
      <line num="62" count="2" type="stmt"/>
      <line num="65" count="3" type="cond" truecount="2" falsecount="0"/>
      <line num="66" count="2" type="stmt"/>
      <line num="68" count="1" type="stmt"/>
      <line num="71" count="3" type="cond" truecount="2" falsecount="0"/>
      <line num="72" count="2" type="stmt"/>
      <line num="74" count="3" type="cond" truecount="4" falsecount="0"/>
      <line num="75" count="2" type="stmt"/>
      <line num="78" count="3" type="cond" truecount="4" falsecount="0"/>
      <line num="79" count="1" type="stmt"/>
      <line num="80" count="2" type="cond" truecount="4" falsecount="0"/>
      <line num="81" count="1" type="stmt"/>
      <line num="82" count="1" type="stmt"/>
      <line num="84" count="3" type="cond" truecount="4" falsecount="0"/>
      <line num="85" count="1" type="stmt"/>
      <line num="87" count="2" type="stmt"/>
      <line num="89" count="3" type="cond" truecount="4" falsecount="0"/>
      <line num="90" count="1" type="stmt"/>
      <line num="92" count="3" type="cond" truecount="4" falsecount="0"/>
      <line num="93" count="2" type="stmt"/>
      <line num="95" count="3" type="cond" truecount="4" falsecount="0"/>
      <line num="96" count="2" type="stmt"/>
      <line num="98" count="3" type="cond" truecount="4" falsecount="0"/>
      <line num="99" count="2" type="stmt"/>
      <line num="101" count="3" type="cond" truecount="4" falsecount="0"/>
      <line num="102" count="2" type="stmt"/>
      <line num="104" count="3" type="cond" truecount="4" falsecount="0"/>
      <line num="105" count="2" type="stmt"/>
      <line num="107" count="3" type="stmt"/>
      <line num="108" count="3" type="stmt"/>
      <line num="109" count="3" type="stmt"/>
      <line num="113" count="2" type="stmt"/>
      <line num="122" count="1" type="stmt"/>
      <line num="123" count="1" type="stmt"/>
      <line num="124" count="1" type="stmt"/>
    </file>
  </project>
</coverage>
