{"/Users/lambda/Desktop/Interviews/testing/se_js_hut_practice/src/easy.js": {"path":"/Users/lambda/Desktop/Interviews/testing/se_js_hut_practice/src/easy.js","statementMap":{"0":{"start":{"line":3,"column":9},"end":{"line":3,"column":26}},"1":{"start":{"line":5,"column":16},"end":{"line":5,"column":47}},"2":{"start":{"line":6,"column":20},"end":{"line":6,"column":47}},"3":{"start":{"line":7,"column":4},"end":{"line":9,"column":5}},"4":{"start":{"line":8,"column":8},"end":{"line":8,"column":52}},"5":{"start":{"line":10,"column":4},"end":{"line":10,"column":41}},"6":{"start":{"line":14,"column":25},"end":{"line":14,"column":57}},"7":{"start":{"line":15,"column":4},"end":{"line":15,"column":42}},"8":{"start":{"line":16,"column":4},"end":{"line":16,"column":27}},"9":{"start":{"line":17,"column":4},"end":{"line":17,"column":45}},"10":{"start":{"line":18,"column":4},"end":{"line":29,"column":6}},"11":{"start":{"line":27,"column":12},"end":{"line":27,"column":38}},"12":{"start":{"line":32,"column":0},"end":{"line":32,"column":34}},"13":{"start":{"line":33,"column":0},"end":{"line":33,"column":70}}},"fnMap":{"0":{"name":"setViewMode","decl":{"start":{"line":4,"column":9},"end":{"line":4,"column":20}},"loc":{"start":{"line":4,"column":27},"end":{"line":11,"column":1}},"line":4},"1":{"name":"getTrendingAnalyticsL2Details","decl":{"start":{"line":13,"column":9},"end":{"line":13,"column":38}},"loc":{"start":{"line":13,"column":52},"end":{"line":30,"column":1}},"line":13},"2":{"name":"(anonymous_2)","decl":{"start":{"line":26,"column":8},"end":{"line":26,"column":9}},"loc":{"start":{"line":26,"column":24},"end":{"line":28,"column":9}},"line":26}},"branchMap":{},"s":{"0":1,"1":3,"2":3,"3":3,"4":9,"5":3,"6":1,"7":1,"8":1,"9":1,"10":1,"11":1,"12":1,"13":1},"f":{"0":3,"1":1,"2":1},"b":{},"_coverageSchema":"43e27e138ebf9cfc5966b082cf9a028302ed4184","hash":"fc046ecf6cede8a447445d49185a6ec72f78536f"}
,"/Users/lambda/Desktop/Interviews/testing/se_js_hut_practice/src/hard.js": {"path":"/Users/lambda/Desktop/Interviews/testing/se_js_hut_practice/src/hard.js","statementMap":{"0":{"start":{"line":1,"column":10},"end":{"line":1,"column":27}},"1":{"start":{"line":2,"column":10},"end":{"line":2,"column":44}},"2":{"start":{"line":4,"column":0},"end":{"line":172,"column":3}},"3":{"start":{"line":5,"column":4},"end":{"line":171,"column":6}},"4":{"start":{"line":16,"column":12},"end":{"line":20,"column":14}},"5":{"start":{"line":17,"column":16},"end":{"line":17,"column":43}},"6":{"start":{"line":18,"column":16},"end":{"line":18,"column":43}},"7":{"start":{"line":19,"column":16},"end":{"line":19,"column":42}},"8":{"start":{"line":22,"column":12},"end":{"line":24,"column":14}},"9":{"start":{"line":23,"column":16},"end":{"line":23,"column":41}},"10":{"start":{"line":26,"column":12},"end":{"line":33,"column":14}},"11":{"start":{"line":27,"column":28},"end":{"line":27,"column":43}},"12":{"start":{"line":28,"column":25},"end":{"line":28,"column":42}},"13":{"start":{"line":29,"column":16},"end":{"line":29,"column":43}},"14":{"start":{"line":30,"column":16},"end":{"line":30,"column":43}},"15":{"start":{"line":32,"column":16},"end":{"line":32,"column":73}},"16":{"start":{"line":35,"column":12},"end":{"line":35,"column":40}},"17":{"start":{"line":36,"column":12},"end":{"line":43,"column":13}},"18":{"start":{"line":38,"column":27},"end":{"line":38,"column":42}},"19":{"start":{"line":39,"column":16},"end":{"line":42,"column":17}},"20":{"start":{"line":40,"column":20},"end":{"line":40,"column":49}},"21":{"start":{"line":41,"column":20},"end":{"line":41,"column":26}},"22":{"start":{"line":45,"column":12},"end":{"line":76,"column":14}},"23":{"start":{"line":47,"column":25},"end":{"line":47,"column":29}},"24":{"start":{"line":48,"column":16},"end":{"line":54,"column":17}},"25":{"start":{"line":49,"column":31},"end":{"line":49,"column":46}},"26":{"start":{"line":50,"column":20},"end":{"line":53,"column":21}},"27":{"start":{"line":51,"column":24},"end":{"line":51,"column":37}},"28":{"start":{"line":52,"column":24},"end":{"line":52,"column":30}},"29":{"start":{"line":56,"column":29},"end":{"line":56,"column":71}},"30":{"start":{"line":57,"column":16},"end":{"line":59,"column":17}},"31":{"start":{"line":58,"column":20},"end":{"line":58,"column":81}},"32":{"start":{"line":60,"column":32},"end":{"line":60,"column":85}},"33":{"start":{"line":61,"column":16},"end":{"line":64,"column":47}},"34":{"start":{"line":65,"column":16},"end":{"line":75,"column":23}},"35":{"start":{"line":67,"column":24},"end":{"line":74,"column":25}},"36":{"start":{"line":68,"column":28},"end":{"line":71,"column":29}},"37":{"start":{"line":69,"column":43},"end":{"line":69,"column":58}},"38":{"start":{"line":70,"column":32},"end":{"line":70,"column":56}},"39":{"start":{"line":72,"column":28},"end":{"line":72,"column":56}},"40":{"start":{"line":73,"column":28},"end":{"line":73,"column":81}},"41":{"start":{"line":78,"column":12},"end":{"line":102,"column":14}},"42":{"start":{"line":79,"column":29},"end":{"line":79,"column":71}},"43":{"start":{"line":80,"column":16},"end":{"line":82,"column":17}},"44":{"start":{"line":81,"column":20},"end":{"line":81,"column":81}},"45":{"start":{"line":83,"column":32},"end":{"line":83,"column":85}},"46":{"start":{"line":84,"column":16},"end":{"line":87,"column":47}},"47":{"start":{"line":88,"column":16},"end":{"line":101,"column":23}},"48":{"start":{"line":90,"column":24},"end":{"line":100,"column":25}},"49":{"start":{"line":91,"column":28},"end":{"line":98,"column":29}},"50":{"start":{"line":92,"column":43},"end":{"line":92,"column":58}},"51":{"start":{"line":93,"column":32},"end":{"line":93,"column":56}},"52":{"start":{"line":94,"column":32},"end":{"line":97,"column":33}},"53":{"start":{"line":95,"column":36},"end":{"line":95,"column":65}},"54":{"start":{"line":96,"column":36},"end":{"line":96,"column":59}},"55":{"start":{"line":99,"column":28},"end":{"line":99,"column":81}},"56":{"start":{"line":104,"column":12},"end":{"line":138,"column":14}},"57":{"start":{"line":105,"column":16},"end":{"line":105,"column":57}},"58":{"start":{"line":106,"column":16},"end":{"line":137,"column":19}},"59":{"start":{"line":107,"column":20},"end":{"line":107,"column":61}},"60":{"start":{"line":110,"column":36},"end":{"line":110,"column":89}},"61":{"start":{"line":111,"column":20},"end":{"line":114,"column":51}},"62":{"start":{"line":116,"column":20},"end":{"line":136,"column":27}},"63":{"start":{"line":122,"column":28},"end":{"line":135,"column":29}},"64":{"start":{"line":123,"column":32},"end":{"line":123,"column":78}},"65":{"start":{"line":124,"column":44},"end":{"line":124,"column":56}},"66":{"start":{"line":125,"column":32},"end":{"line":134,"column":33}},"67":{"start":{"line":126,"column":36},"end":{"line":133,"column":37}},"68":{"start":{"line":127,"column":40},"end":{"line":127,"column":66}},"69":{"start":{"line":128,"column":50},"end":{"line":128,"column":74}},"70":{"start":{"line":129,"column":40},"end":{"line":131,"column":41}},"71":{"start":{"line":130,"column":44},"end":{"line":130,"column":75}},"72":{"start":{"line":132,"column":40},"end":{"line":132,"column":47}},"73":{"start":{"line":139,"column":21},"end":{"line":162,"column":13}},"74":{"start":{"line":140,"column":16},"end":{"line":141,"column":98}},"75":{"start":{"line":142,"column":16},"end":{"line":142,"column":43}},"76":{"start":{"line":144,"column":16},"end":{"line":155,"column":19}},"77":{"start":{"line":145,"column":20},"end":{"line":147,"column":21}},"78":{"start":{"line":146,"column":24},"end":{"line":146,"column":31}},"79":{"start":{"line":148,"column":34},"end":{"line":148,"column":45}},"80":{"start":{"line":150,"column":20},"end":{"line":154,"column":21}},"81":{"start":{"line":153,"column":24},"end":{"line":153,"column":46}},"82":{"start":{"line":157,"column":32},"end":{"line":157,"column":85}},"83":{"start":{"line":158,"column":16},"end":{"line":161,"column":47}},"84":{"start":{"line":163,"column":12},"end":{"line":163,"column":33}},"85":{"start":{"line":169,"column":12},"end":{"line":169,"column":67}}},"fnMap":{"0":{"name":"(anonymous_0)","decl":{"start":{"line":4,"column":61},"end":{"line":4,"column":62}},"loc":{"start":{"line":4,"column":72},"end":{"line":172,"column":1}},"line":4},"1":{"name":"(anonymous_1)","decl":{"start":{"line":14,"column":52},"end":{"line":14,"column":53}},"loc":{"start":{"line":14,"column":88},"end":{"line":164,"column":9}},"line":14},"2":{"name":"(anonymous_2)","decl":{"start":{"line":16,"column":28},"end":{"line":16,"column":29}},"loc":{"start":{"line":16,"column":41},"end":{"line":20,"column":13}},"line":16},"3":{"name":"(anonymous_3)","decl":{"start":{"line":22,"column":27},"end":{"line":22,"column":28}},"loc":{"start":{"line":22,"column":40},"end":{"line":24,"column":13}},"line":22},"4":{"name":"(anonymous_4)","decl":{"start":{"line":26,"column":32},"end":{"line":26,"column":33}},"loc":{"start":{"line":26,"column":48},"end":{"line":33,"column":13}},"line":26},"5":{"name":"(anonymous_5)","decl":{"start":{"line":45,"column":46},"end":{"line":45,"column":47}},"loc":{"start":{"line":45,"column":57},"end":{"line":76,"column":13}},"line":45},"6":{"name":"(anonymous_6)","decl":{"start":{"line":66,"column":29},"end":{"line":66,"column":30}},"loc":{"start":{"line":66,"column":43},"end":{"line":75,"column":21}},"line":66},"7":{"name":"(anonymous_7)","decl":{"start":{"line":78,"column":44},"end":{"line":78,"column":45}},"loc":{"start":{"line":78,"column":57},"end":{"line":102,"column":13}},"line":78},"8":{"name":"(anonymous_8)","decl":{"start":{"line":89,"column":29},"end":{"line":89,"column":30}},"loc":{"start":{"line":89,"column":43},"end":{"line":101,"column":21}},"line":89},"9":{"name":"(anonymous_9)","decl":{"start":{"line":104,"column":38},"end":{"line":104,"column":39}},"loc":{"start":{"line":104,"column":51},"end":{"line":138,"column":13}},"line":104},"10":{"name":"(anonymous_10)","decl":{"start":{"line":106,"column":66},"end":{"line":106,"column":67}},"loc":{"start":{"line":106,"column":77},"end":{"line":137,"column":17}},"line":106},"11":{"name":"(anonymous_11)","decl":{"start":{"line":121,"column":33},"end":{"line":121,"column":34}},"loc":{"start":{"line":121,"column":47},"end":{"line":136,"column":25}},"line":121},"12":{"name":"(anonymous_12)","decl":{"start":{"line":139,"column":21},"end":{"line":139,"column":22}},"loc":{"start":{"line":139,"column":32},"end":{"line":162,"column":13}},"line":139},"13":{"name":"(anonymous_13)","decl":{"start":{"line":144,"column":41},"end":{"line":144,"column":42}},"loc":{"start":{"line":144,"column":53},"end":{"line":155,"column":17}},"line":144},"14":{"name":"(anonymous_14)","decl":{"start":{"line":168,"column":21},"end":{"line":168,"column":22}},"loc":{"start":{"line":168,"column":32},"end":{"line":170,"column":9}},"line":168}},"branchMap":{"0":{"loc":{"start":{"line":39,"column":16},"end":{"line":42,"column":17}},"type":"if","locations":[{"start":{"line":39,"column":16},"end":{"line":42,"column":17}},{"start":{"line":39,"column":16},"end":{"line":42,"column":17}}],"line":39},"1":{"loc":{"start":{"line":50,"column":20},"end":{"line":53,"column":21}},"type":"if","locations":[{"start":{"line":50,"column":20},"end":{"line":53,"column":21}},{"start":{"line":50,"column":20},"end":{"line":53,"column":21}}],"line":50},"2":{"loc":{"start":{"line":57,"column":16},"end":{"line":59,"column":17}},"type":"if","locations":[{"start":{"line":57,"column":16},"end":{"line":59,"column":17}},{"start":{"line":57,"column":16},"end":{"line":59,"column":17}}],"line":57},"3":{"loc":{"start":{"line":67,"column":24},"end":{"line":74,"column":25}},"type":"if","locations":[{"start":{"line":67,"column":24},"end":{"line":74,"column":25}},{"start":{"line":67,"column":24},"end":{"line":74,"column":25}}],"line":67},"4":{"loc":{"start":{"line":67,"column":28},"end":{"line":67,"column":58}},"type":"binary-expr","locations":[{"start":{"line":67,"column":28},"end":{"line":67,"column":31}},{"start":{"line":67,"column":35},"end":{"line":67,"column":58}}],"line":67},"5":{"loc":{"start":{"line":80,"column":16},"end":{"line":82,"column":17}},"type":"if","locations":[{"start":{"line":80,"column":16},"end":{"line":82,"column":17}},{"start":{"line":80,"column":16},"end":{"line":82,"column":17}}],"line":80},"6":{"loc":{"start":{"line":90,"column":24},"end":{"line":100,"column":25}},"type":"if","locations":[{"start":{"line":90,"column":24},"end":{"line":100,"column":25}},{"start":{"line":90,"column":24},"end":{"line":100,"column":25}}],"line":90},"7":{"loc":{"start":{"line":90,"column":28},"end":{"line":90,"column":58}},"type":"binary-expr","locations":[{"start":{"line":90,"column":28},"end":{"line":90,"column":31}},{"start":{"line":90,"column":35},"end":{"line":90,"column":58}}],"line":90},"8":{"loc":{"start":{"line":94,"column":32},"end":{"line":97,"column":33}},"type":"if","locations":[{"start":{"line":94,"column":32},"end":{"line":97,"column":33}},{"start":{"line":94,"column":32},"end":{"line":97,"column":33}}],"line":94},"9":{"loc":{"start":{"line":122,"column":28},"end":{"line":135,"column":29}},"type":"if","locations":[{"start":{"line":122,"column":28},"end":{"line":135,"column":29}},{"start":{"line":122,"column":28},"end":{"line":135,"column":29}}],"line":122},"10":{"loc":{"start":{"line":126,"column":36},"end":{"line":133,"column":37}},"type":"if","locations":[{"start":{"line":126,"column":36},"end":{"line":133,"column":37}},{"start":{"line":126,"column":36},"end":{"line":133,"column":37}}],"line":126},"11":{"loc":{"start":{"line":129,"column":40},"end":{"line":131,"column":41}},"type":"if","locations":[{"start":{"line":129,"column":40},"end":{"line":131,"column":41}},{"start":{"line":129,"column":40},"end":{"line":131,"column":41}}],"line":129},"12":{"loc":{"start":{"line":129,"column":44},"end":{"line":129,"column":63}},"type":"binary-expr","locations":[{"start":{"line":129,"column":44},"end":{"line":129,"column":47}},{"start":{"line":129,"column":51},"end":{"line":129,"column":63}}],"line":129},"13":{"loc":{"start":{"line":145,"column":20},"end":{"line":147,"column":21}},"type":"if","locations":[{"start":{"line":145,"column":20},"end":{"line":147,"column":21}},{"start":{"line":145,"column":20},"end":{"line":147,"column":21}}],"line":145},"14":{"loc":{"start":{"line":150,"column":20},"end":{"line":154,"column":21}},"type":"if","locations":[{"start":{"line":150,"column":20},"end":{"line":154,"column":21}},{"start":{"line":150,"column":20},"end":{"line":154,"column":21}}],"line":150},"15":{"loc":{"start":{"line":150,"column":24},"end":{"line":151,"column":54}},"type":"binary-expr","locations":[{"start":{"line":150,"column":24},"end":{"line":150,"column":64}},{"start":{"line":150,"column":68},"end":{"line":150,"column":117}},{"start":{"line":151,"column":16},"end":{"line":151,"column":54}}],"line":150}},"s":{"0":1,"1":1,"2":1,"3":24,"4":25,"5":3,"6":3,"7":3,"8":25,"9":1,"10":25,"11":3,"12":3,"13":3,"14":3,"15":3,"16":25,"17":25,"18":25,"19":25,"20":24,"21":24,"22":25,"23":4,"24":4,"25":4,"26":4,"27":3,"28":3,"29":4,"30":4,"31":3,"32":4,"33":4,"34":4,"35":4,"36":3,"37":3,"38":3,"39":3,"40":3,"41":25,"42":4,"43":4,"44":3,"45":4,"46":4,"47":4,"48":4,"49":3,"50":3,"51":3,"52":3,"53":2,"54":2,"55":3,"56":25,"57":4,"58":4,"59":10,"60":10,"61":10,"62":10,"63":10,"64":8,"65":8,"66":8,"67":5,"68":2,"69":2,"70":2,"71":1,"72":2,"73":25,"74":3,"75":3,"76":3,"77":3,"78":0,"79":3,"80":3,"81":2,"82":3,"83":3,"84":25,"85":25},"f":{"0":24,"1":25,"2":3,"3":1,"4":3,"5":4,"6":4,"7":4,"8":4,"9":4,"10":10,"11":10,"12":3,"13":3,"14":25},"b":{"0":[24,1],"1":[3,1],"2":[3,1],"3":[3,1],"4":[4,4],"5":[3,1],"6":[3,1],"7":[4,4],"8":[2,1],"9":[8,2],"10":[2,3],"11":[1,1],"12":[2,2],"13":[0,3],"14":[2,1],"15":[3,3,3]},"_coverageSchema":"43e27e138ebf9cfc5966b082cf9a028302ed4184","hash":"34a4b59bc79874189c39a7ceb16c688beb876404"}
,"/Users/lambda/Desktop/Interviews/testing/se_js_hut_practice/src/medium.js": {"path":"/Users/lambda/Desktop/Interviews/testing/se_js_hut_practice/src/medium.js","statementMap":{"0":{"start":{"line":1,"column":10},"end":{"line":1,"column":27}},"1":{"start":{"line":4,"column":4},"end":{"line":51,"column":5}},"2":{"start":{"line":5,"column":24},"end":{"line":5,"column":59}},"3":{"start":{"line":6,"column":8},"end":{"line":50,"column":9}},"4":{"start":{"line":7,"column":28},"end":{"line":7,"column":85}},"5":{"start":{"line":8,"column":24},"end":{"line":8,"column":26}},"6":{"start":{"line":9,"column":12},"end":{"line":49,"column":13}},"7":{"start":{"line":10,"column":28},"end":{"line":10,"column":40}},"8":{"start":{"line":11,"column":16},"end":{"line":11,"column":24}},"9":{"start":{"line":12,"column":16},"end":{"line":48,"column":17}},"10":{"start":{"line":13,"column":29},"end":{"line":13,"column":82}},"11":{"start":{"line":14,"column":36},"end":{"line":14,"column":40}},"12":{"start":{"line":15,"column":20},"end":{"line":27,"column":21}},"13":{"start":{"line":16,"column":24},"end":{"line":16,"column":54}},"14":{"start":{"line":18,"column":24},"end":{"line":26,"column":25}},"15":{"start":{"line":19,"column":28},"end":{"line":19,"column":63}},"16":{"start":{"line":20,"column":31},"end":{"line":26,"column":25}},"17":{"start":{"line":21,"column":28},"end":{"line":21,"column":57}},"18":{"start":{"line":22,"column":31},"end":{"line":26,"column":25}},"19":{"start":{"line":23,"column":28},"end":{"line":23,"column":66}},"20":{"start":{"line":25,"column":28},"end":{"line":25,"column":58}},"21":{"start":{"line":28,"column":20},"end":{"line":30,"column":21}},"22":{"start":{"line":29,"column":24},"end":{"line":29,"column":77}},"23":{"start":{"line":31,"column":32},"end":{"line":31,"column":33}},"24":{"start":{"line":32,"column":20},"end":{"line":34,"column":21}},"25":{"start":{"line":33,"column":24},"end":{"line":33,"column":34}},"26":{"start":{"line":35,"column":32},"end":{"line":35,"column":54}},"27":{"start":{"line":36,"column":20},"end":{"line":38,"column":21}},"28":{"start":{"line":39,"column":20},"end":{"line":39,"column":45}},"29":{"start":{"line":40,"column":33},"end":{"line":40,"column":36}},"30":{"start":{"line":41,"column":20},"end":{"line":41,"column":35}},"31":{"start":{"line":43,"column":20},"end":{"line":47,"column":23}},"32":{"start":{"line":55,"column":4},"end":{"line":57,"column":5}},"33":{"start":{"line":56,"column":8},"end":{"line":56,"column":44}},"34":{"start":{"line":58,"column":4},"end":{"line":60,"column":5}},"35":{"start":{"line":59,"column":8},"end":{"line":59,"column":36}},"36":{"start":{"line":61,"column":4},"end":{"line":63,"column":5}},"37":{"start":{"line":62,"column":8},"end":{"line":62,"column":40}},"38":{"start":{"line":65,"column":4},"end":{"line":69,"column":5}},"39":{"start":{"line":66,"column":8},"end":{"line":66,"column":47}},"40":{"start":{"line":68,"column":8},"end":{"line":68,"column":45}},"41":{"start":{"line":71,"column":4},"end":{"line":73,"column":5}},"42":{"start":{"line":72,"column":8},"end":{"line":72,"column":55}},"43":{"start":{"line":74,"column":4},"end":{"line":76,"column":5}},"44":{"start":{"line":75,"column":8},"end":{"line":75,"column":58}},"45":{"start":{"line":78,"column":4},"end":{"line":83,"column":5}},"46":{"start":{"line":79,"column":8},"end":{"line":79,"column":38}},"47":{"start":{"line":80,"column":11},"end":{"line":83,"column":5}},"48":{"start":{"line":81,"column":8},"end":{"line":81,"column":41}},"49":{"start":{"line":82,"column":8},"end":{"line":82,"column":29}},"50":{"start":{"line":84,"column":4},"end":{"line":88,"column":5}},"51":{"start":{"line":85,"column":8},"end":{"line":85,"column":42}},"52":{"start":{"line":87,"column":8},"end":{"line":87,"column":43}},"53":{"start":{"line":89,"column":4},"end":{"line":91,"column":5}},"54":{"start":{"line":90,"column":8},"end":{"line":90,"column":44}},"55":{"start":{"line":92,"column":4},"end":{"line":94,"column":5}},"56":{"start":{"line":93,"column":8},"end":{"line":93,"column":48}},"57":{"start":{"line":95,"column":4},"end":{"line":97,"column":5}},"58":{"start":{"line":96,"column":8},"end":{"line":96,"column":32}},"59":{"start":{"line":98,"column":4},"end":{"line":100,"column":5}},"60":{"start":{"line":99,"column":8},"end":{"line":99,"column":40}},"61":{"start":{"line":101,"column":4},"end":{"line":103,"column":5}},"62":{"start":{"line":102,"column":8},"end":{"line":102,"column":32}},"63":{"start":{"line":104,"column":4},"end":{"line":106,"column":5}},"64":{"start":{"line":105,"column":8},"end":{"line":105,"column":32}},"65":{"start":{"line":107,"column":4},"end":{"line":107,"column":26}},"66":{"start":{"line":108,"column":4},"end":{"line":108,"column":31}},"67":{"start":{"line":109,"column":4},"end":{"line":109,"column":31}},"68":{"start":{"line":113,"column":4},"end":{"line":119,"column":7}},"69":{"start":{"line":122,"column":0},"end":{"line":122,"column":56}},"70":{"start":{"line":123,"column":0},"end":{"line":123,"column":78}},"71":{"start":{"line":124,"column":0},"end":{"line":124,"column":48}}},"fnMap":{"0":{"name":"buildTrendingAnalytics","decl":{"start":{"line":3,"column":9},"end":{"line":3,"column":31}},"loc":{"start":{"line":3,"column":37},"end":{"line":52,"column":1}},"line":3},"1":{"name":"constructActivityParamsInAjaxCall","decl":{"start":{"line":54,"column":9},"end":{"line":54,"column":42}},"loc":{"start":{"line":54,"column":57},"end":{"line":110,"column":1}},"line":54},"2":{"name":"ajxCallToLogAction","decl":{"start":{"line":112,"column":9},"end":{"line":112,"column":27}},"loc":{"start":{"line":112,"column":47},"end":{"line":120,"column":1}},"line":112}},"branchMap":{"0":{"loc":{"start":{"line":4,"column":4},"end":{"line":51,"column":5}},"type":"if","locations":[{"start":{"line":4,"column":4},"end":{"line":51,"column":5}},{"start":{"line":4,"column":4},"end":{"line":51,"column":5}}],"line":4},"1":{"loc":{"start":{"line":4,"column":8},"end":{"line":4,"column":46}},"type":"binary-expr","locations":[{"start":{"line":4,"column":8},"end":{"line":4,"column":16}},{"start":{"line":4,"column":20},"end":{"line":4,"column":46}}],"line":4},"2":{"loc":{"start":{"line":12,"column":16},"end":{"line":48,"column":17}},"type":"if","locations":[{"start":{"line":12,"column":16},"end":{"line":48,"column":17}},{"start":{"line":12,"column":16},"end":{"line":48,"column":17}}],"line":12},"3":{"loc":{"start":{"line":15,"column":20},"end":{"line":27,"column":21}},"type":"if","locations":[{"start":{"line":15,"column":20},"end":{"line":27,"column":21}},{"start":{"line":15,"column":20},"end":{"line":27,"column":21}}],"line":15},"4":{"loc":{"start":{"line":15,"column":24},"end":{"line":15,"column":61}},"type":"binary-expr","locations":[{"start":{"line":15,"column":24},"end":{"line":15,"column":45}},{"start":{"line":15,"column":49},"end":{"line":15,"column":61}}],"line":15},"5":{"loc":{"start":{"line":18,"column":24},"end":{"line":26,"column":25}},"type":"if","locations":[{"start":{"line":18,"column":24},"end":{"line":26,"column":25}},{"start":{"line":18,"column":24},"end":{"line":26,"column":25}}],"line":18},"6":{"loc":{"start":{"line":20,"column":31},"end":{"line":26,"column":25}},"type":"if","locations":[{"start":{"line":20,"column":31},"end":{"line":26,"column":25}},{"start":{"line":20,"column":31},"end":{"line":26,"column":25}}],"line":20},"7":{"loc":{"start":{"line":22,"column":31},"end":{"line":26,"column":25}},"type":"if","locations":[{"start":{"line":22,"column":31},"end":{"line":26,"column":25}},{"start":{"line":22,"column":31},"end":{"line":26,"column":25}}],"line":22},"8":{"loc":{"start":{"line":28,"column":20},"end":{"line":30,"column":21}},"type":"if","locations":[{"start":{"line":28,"column":20},"end":{"line":30,"column":21}},{"start":{"line":28,"column":20},"end":{"line":30,"column":21}}],"line":28},"9":{"loc":{"start":{"line":32,"column":20},"end":{"line":34,"column":21}},"type":"if","locations":[{"start":{"line":32,"column":20},"end":{"line":34,"column":21}},{"start":{"line":32,"column":20},"end":{"line":34,"column":21}}],"line":32},"10":{"loc":{"start":{"line":36,"column":20},"end":{"line":38,"column":21}},"type":"if","locations":[{"start":{"line":36,"column":20},"end":{"line":38,"column":21}},{"start":{"line":36,"column":20},"end":{"line":38,"column":21}}],"line":36},"11":{"loc":{"start":{"line":55,"column":4},"end":{"line":57,"column":5}},"type":"if","locations":[{"start":{"line":55,"column":4},"end":{"line":57,"column":5}},{"start":{"line":55,"column":4},"end":{"line":57,"column":5}}],"line":55},"12":{"loc":{"start":{"line":55,"column":8},"end":{"line":55,"column":57}},"type":"binary-expr","locations":[{"start":{"line":55,"column":8},"end":{"line":55,"column":34}},{"start":{"line":55,"column":38},"end":{"line":55,"column":57}}],"line":55},"13":{"loc":{"start":{"line":58,"column":4},"end":{"line":60,"column":5}},"type":"if","locations":[{"start":{"line":58,"column":4},"end":{"line":60,"column":5}},{"start":{"line":58,"column":4},"end":{"line":60,"column":5}}],"line":58},"14":{"loc":{"start":{"line":58,"column":8},"end":{"line":58,"column":53}},"type":"binary-expr","locations":[{"start":{"line":58,"column":8},"end":{"line":58,"column":32}},{"start":{"line":58,"column":36},"end":{"line":58,"column":53}}],"line":58},"15":{"loc":{"start":{"line":61,"column":4},"end":{"line":63,"column":5}},"type":"if","locations":[{"start":{"line":61,"column":4},"end":{"line":63,"column":5}},{"start":{"line":61,"column":4},"end":{"line":63,"column":5}}],"line":61},"16":{"loc":{"start":{"line":61,"column":8},"end":{"line":61,"column":57}},"type":"binary-expr","locations":[{"start":{"line":61,"column":8},"end":{"line":61,"column":34}},{"start":{"line":61,"column":38},"end":{"line":61,"column":57}}],"line":61},"17":{"loc":{"start":{"line":65,"column":4},"end":{"line":69,"column":5}},"type":"if","locations":[{"start":{"line":65,"column":4},"end":{"line":69,"column":5}},{"start":{"line":65,"column":4},"end":{"line":69,"column":5}}],"line":65},"18":{"loc":{"start":{"line":71,"column":4},"end":{"line":73,"column":5}},"type":"if","locations":[{"start":{"line":71,"column":4},"end":{"line":73,"column":5}},{"start":{"line":71,"column":4},"end":{"line":73,"column":5}}],"line":71},"19":{"loc":{"start":{"line":74,"column":4},"end":{"line":76,"column":5}},"type":"if","locations":[{"start":{"line":74,"column":4},"end":{"line":76,"column":5}},{"start":{"line":74,"column":4},"end":{"line":76,"column":5}}],"line":74},"20":{"loc":{"start":{"line":74,"column":8},"end":{"line":74,"column":53}},"type":"binary-expr","locations":[{"start":{"line":74,"column":8},"end":{"line":74,"column":32}},{"start":{"line":74,"column":36},"end":{"line":74,"column":53}}],"line":74},"21":{"loc":{"start":{"line":78,"column":4},"end":{"line":83,"column":5}},"type":"if","locations":[{"start":{"line":78,"column":4},"end":{"line":83,"column":5}},{"start":{"line":78,"column":4},"end":{"line":83,"column":5}}],"line":78},"22":{"loc":{"start":{"line":78,"column":8},"end":{"line":78,"column":55}},"type":"binary-expr","locations":[{"start":{"line":78,"column":8},"end":{"line":78,"column":33}},{"start":{"line":78,"column":37},"end":{"line":78,"column":55}}],"line":78},"23":{"loc":{"start":{"line":80,"column":11},"end":{"line":83,"column":5}},"type":"if","locations":[{"start":{"line":80,"column":11},"end":{"line":83,"column":5}},{"start":{"line":80,"column":11},"end":{"line":83,"column":5}}],"line":80},"24":{"loc":{"start":{"line":80,"column":15},"end":{"line":80,"column":68}},"type":"binary-expr","locations":[{"start":{"line":80,"column":15},"end":{"line":80,"column":43}},{"start":{"line":80,"column":47},"end":{"line":80,"column":68}}],"line":80},"25":{"loc":{"start":{"line":84,"column":4},"end":{"line":88,"column":5}},"type":"if","locations":[{"start":{"line":84,"column":4},"end":{"line":88,"column":5}},{"start":{"line":84,"column":4},"end":{"line":88,"column":5}}],"line":84},"26":{"loc":{"start":{"line":84,"column":8},"end":{"line":84,"column":59}},"type":"binary-expr","locations":[{"start":{"line":84,"column":8},"end":{"line":84,"column":35}},{"start":{"line":84,"column":39},"end":{"line":84,"column":59}}],"line":84},"27":{"loc":{"start":{"line":89,"column":4},"end":{"line":91,"column":5}},"type":"if","locations":[{"start":{"line":89,"column":4},"end":{"line":91,"column":5}},{"start":{"line":89,"column":4},"end":{"line":91,"column":5}}],"line":89},"28":{"loc":{"start":{"line":89,"column":8},"end":{"line":89,"column":61}},"type":"binary-expr","locations":[{"start":{"line":89,"column":8},"end":{"line":89,"column":36}},{"start":{"line":89,"column":40},"end":{"line":89,"column":61}}],"line":89},"29":{"loc":{"start":{"line":92,"column":4},"end":{"line":94,"column":5}},"type":"if","locations":[{"start":{"line":92,"column":4},"end":{"line":94,"column":5}},{"start":{"line":92,"column":4},"end":{"line":94,"column":5}}],"line":92},"30":{"loc":{"start":{"line":92,"column":8},"end":{"line":92,"column":65}},"type":"binary-expr","locations":[{"start":{"line":92,"column":8},"end":{"line":92,"column":38}},{"start":{"line":92,"column":42},"end":{"line":92,"column":65}}],"line":92},"31":{"loc":{"start":{"line":95,"column":4},"end":{"line":97,"column":5}},"type":"if","locations":[{"start":{"line":95,"column":4},"end":{"line":97,"column":5}},{"start":{"line":95,"column":4},"end":{"line":97,"column":5}}],"line":95},"32":{"loc":{"start":{"line":95,"column":8},"end":{"line":95,"column":49}},"type":"binary-expr","locations":[{"start":{"line":95,"column":8},"end":{"line":95,"column":30}},{"start":{"line":95,"column":34},"end":{"line":95,"column":49}}],"line":95},"33":{"loc":{"start":{"line":98,"column":4},"end":{"line":100,"column":5}},"type":"if","locations":[{"start":{"line":98,"column":4},"end":{"line":100,"column":5}},{"start":{"line":98,"column":4},"end":{"line":100,"column":5}}],"line":98},"34":{"loc":{"start":{"line":98,"column":8},"end":{"line":98,"column":57}},"type":"binary-expr","locations":[{"start":{"line":98,"column":8},"end":{"line":98,"column":34}},{"start":{"line":98,"column":38},"end":{"line":98,"column":57}}],"line":98},"35":{"loc":{"start":{"line":101,"column":4},"end":{"line":103,"column":5}},"type":"if","locations":[{"start":{"line":101,"column":4},"end":{"line":103,"column":5}},{"start":{"line":101,"column":4},"end":{"line":103,"column":5}}],"line":101},"36":{"loc":{"start":{"line":101,"column":8},"end":{"line":101,"column":49}},"type":"binary-expr","locations":[{"start":{"line":101,"column":8},"end":{"line":101,"column":30}},{"start":{"line":101,"column":34},"end":{"line":101,"column":49}}],"line":101},"37":{"loc":{"start":{"line":104,"column":4},"end":{"line":106,"column":5}},"type":"if","locations":[{"start":{"line":104,"column":4},"end":{"line":106,"column":5}},{"start":{"line":104,"column":4},"end":{"line":106,"column":5}}],"line":104},"38":{"loc":{"start":{"line":104,"column":8},"end":{"line":104,"column":49}},"type":"binary-expr","locations":[{"start":{"line":104,"column":8},"end":{"line":104,"column":30}},{"start":{"line":104,"column":34},"end":{"line":104,"column":49}}],"line":104},"39":{"loc":{"start":{"line":116,"column":14},"end":{"line":116,"column":47}},"type":"cond-expr","locations":[{"start":{"line":116,"column":28},"end":{"line":116,"column":39}},{"start":{"line":116,"column":42},"end":{"line":116,"column":47}}],"line":116}},"s":{"0":1,"1":5,"2":4,"3":4,"4":5,"5":5,"6":5,"7":8,"8":8,"9":8,"10":7,"11":7,"12":7,"13":2,"14":5,"15":1,"16":4,"17":1,"18":3,"19":1,"20":2,"21":7,"22":6,"23":7,"24":7,"25":2,"26":7,"27":7,"28":7,"29":7,"30":7,"31":7,"32":3,"33":2,"34":3,"35":2,"36":3,"37":2,"38":3,"39":2,"40":1,"41":3,"42":2,"43":3,"44":2,"45":3,"46":1,"47":2,"48":1,"49":1,"50":3,"51":1,"52":2,"53":3,"54":1,"55":3,"56":2,"57":3,"58":2,"59":3,"60":2,"61":3,"62":2,"63":3,"64":2,"65":3,"66":3,"67":3,"68":2,"69":1,"70":1,"71":1},"f":{"0":5,"1":3,"2":2},"b":{"0":[4,1],"1":[5,5],"2":[7,1],"3":[2,5],"4":[7,2],"5":[1,4],"6":[1,3],"7":[1,2],"8":[6,1],"9":[2,5],"10":[2,5],"11":[2,1],"12":[3,2],"13":[2,1],"14":[3,2],"15":[2,1],"16":[3,2],"17":[2,1],"18":[2,1],"19":[2,1],"20":[3,2],"21":[1,2],"22":[3,2],"23":[1,1],"24":[2,1],"25":[1,2],"26":[3,2],"27":[1,2],"28":[3,2],"29":[2,1],"30":[3,2],"31":[2,1],"32":[3,2],"33":[2,1],"34":[3,2],"35":[2,1],"36":[3,2],"37":[2,1],"38":[3,2],"39":[1,1]},"_coverageSchema":"43e27e138ebf9cfc5966b082cf9a028302ed4184","hash":"608e7c9fc22223cc65980ebe6ce5dafd35617adc"}
}
