TN:
SF:/Users/lambda/Desktop/Interviews/testing/se_js_hut_practice/src/easy.js
FN:4,setViewMode
FN:13,getTrendingAnalyticsL2Details
FN:26,(anonymous_2)
FNF:3
FNH:3
FNDA:3,setViewMode
FNDA:1,getTrendingAnalyticsL2Details
FNDA:1,(anonymous_2)
DA:3,1
DA:5,3
DA:6,3
DA:7,3
DA:8,9
DA:10,3
DA:14,1
DA:15,1
DA:16,1
DA:17,1
DA:18,1
DA:27,1
DA:32,1
DA:33,1
LF:14
LH:14
BRF:0
BRH:0
end_of_record
TN:
SF:/Users/lambda/Desktop/Interviews/testing/se_js_hut_practice/src/hard.js
FN:4,(anonymous_0)
FN:14,(anonymous_1)
FN:16,(anonymous_2)
FN:22,(anonymous_3)
FN:26,(anonymous_4)
FN:45,(anonymous_5)
FN:66,(anonymous_6)
FN:78,(anonymous_7)
FN:89,(anonymous_8)
FN:104,(anonymous_9)
FN:106,(anonymous_10)
FN:121,(anonymous_11)
FN:139,(anonymous_12)
FN:144,(anonymous_13)
FN:168,(anonymous_14)
FNF:15
FNH:15
FNDA:25,(anonymous_0)
FNDA:26,(anonymous_1)
FNDA:3,(anonymous_2)
FNDA:1,(anonymous_3)
FNDA:3,(anonymous_4)
FNDA:5,(anonymous_5)
FNDA:5,(anonymous_6)
FNDA:4,(anonymous_7)
FNDA:4,(anonymous_8)
FNDA:4,(anonymous_9)
FNDA:10,(anonymous_10)
FNDA:10,(anonymous_11)
FNDA:3,(anonymous_12)
FNDA:3,(anonymous_13)
FNDA:26,(anonymous_14)
DA:1,1
DA:2,1
DA:4,1
DA:5,25
DA:16,26
DA:17,3
DA:18,3
DA:19,3
DA:22,26
DA:23,1
DA:26,26
DA:27,3
DA:28,3
DA:29,3
DA:30,3
DA:32,3
DA:35,26
DA:36,26
DA:38,26
DA:39,26
DA:40,25
DA:41,25
DA:45,26
DA:47,5
DA:48,5
DA:49,5
DA:50,5
DA:51,4
DA:52,4
DA:56,5
DA:57,5
DA:58,3
DA:60,5
DA:61,5
DA:65,5
DA:67,5
DA:68,4
DA:69,4
DA:70,4
DA:72,4
DA:73,4
DA:78,26
DA:79,4
DA:80,4
DA:81,3
DA:83,4
DA:84,4
DA:88,4
DA:90,4
DA:91,3
DA:92,3
DA:93,3
DA:94,3
DA:95,2
DA:96,2
DA:99,3
DA:104,26
DA:105,4
DA:106,4
DA:107,10
DA:110,10
DA:111,10
DA:116,10
DA:122,10
DA:123,8
DA:124,8
DA:125,8
DA:126,5
DA:127,2
DA:128,2
DA:129,2
DA:130,1
DA:132,2
DA:139,26
DA:140,3
DA:142,3
DA:144,3
DA:145,3
DA:146,0
DA:148,3
DA:150,3
DA:153,2
DA:157,3
DA:158,3
DA:163,26
DA:169,26
LF:86
LH:85
BRDA:39,0,0,25
BRDA:39,0,1,1
BRDA:50,1,0,4
BRDA:50,1,1,1
BRDA:57,2,0,3
BRDA:57,2,1,2
BRDA:67,3,0,4
BRDA:67,3,1,1
BRDA:67,4,0,5
BRDA:67,4,1,5
BRDA:80,5,0,3
BRDA:80,5,1,1
BRDA:90,6,0,3
BRDA:90,6,1,1
BRDA:90,7,0,4
BRDA:90,7,1,4
BRDA:94,8,0,2
BRDA:94,8,1,1
BRDA:122,9,0,8
BRDA:122,9,1,2
BRDA:126,10,0,2
BRDA:126,10,1,3
BRDA:129,11,0,1
BRDA:129,11,1,1
BRDA:129,12,0,2
BRDA:129,12,1,2
BRDA:145,13,0,0
BRDA:145,13,1,3
BRDA:150,14,0,2
BRDA:150,14,1,1
BRDA:150,15,0,3
BRDA:150,15,1,3
BRDA:150,15,2,3
BRF:33
BRH:32
end_of_record
TN:
SF:/Users/lambda/Desktop/Interviews/testing/se_js_hut_practice/src/medium.js
FN:3,buildTrendingAnalytics
FN:54,constructActivityParamsInAjaxCall
FN:112,ajxCallToLogAction
FNF:3
FNH:3
FNDA:5,buildTrendingAnalytics
FNDA:3,constructActivityParamsInAjaxCall
FNDA:2,ajxCallToLogAction
DA:1,1
DA:4,5
DA:5,4
DA:6,4
DA:7,5
DA:8,5
DA:9,5
DA:10,8
DA:11,8
DA:12,8
DA:13,7
DA:14,7
DA:15,7
DA:16,2
DA:18,5
DA:19,1
DA:20,4
DA:21,1
DA:22,3
DA:23,1
DA:25,2
DA:28,7
DA:29,6
DA:31,7
DA:32,7
DA:33,2
DA:35,7
DA:36,7
DA:39,7
DA:40,7
DA:41,7
DA:43,7
DA:55,3
DA:56,2
DA:58,3
DA:59,2
DA:61,3
DA:62,2
DA:65,3
DA:66,2
DA:68,1
DA:71,3
DA:72,2
DA:74,3
DA:75,2
DA:78,3
DA:79,1
DA:80,2
DA:81,1
DA:82,1
DA:84,3
DA:85,1
DA:87,2
DA:89,3
DA:90,1
DA:92,3
DA:93,2
DA:95,3
DA:96,2
DA:98,3
DA:99,2
DA:101,3
DA:102,2
DA:104,3
DA:105,2
DA:107,3
DA:108,3
DA:109,3
DA:113,2
DA:122,1
DA:123,1
DA:124,1
LF:72
LH:72
BRDA:4,0,0,4
BRDA:4,0,1,1
BRDA:4,1,0,5
BRDA:4,1,1,5
BRDA:12,2,0,7
BRDA:12,2,1,1
BRDA:15,3,0,2
BRDA:15,3,1,5
BRDA:15,4,0,7
BRDA:15,4,1,2
BRDA:18,5,0,1
BRDA:18,5,1,4
BRDA:20,6,0,1
BRDA:20,6,1,3
BRDA:22,7,0,1
BRDA:22,7,1,2
BRDA:28,8,0,6
BRDA:28,8,1,1
BRDA:32,9,0,2
BRDA:32,9,1,5
BRDA:36,10,0,2
BRDA:36,10,1,5
BRDA:55,11,0,2
BRDA:55,11,1,1
BRDA:55,12,0,3
BRDA:55,12,1,2
BRDA:58,13,0,2
BRDA:58,13,1,1
BRDA:58,14,0,3
BRDA:58,14,1,2
BRDA:61,15,0,2
BRDA:61,15,1,1
BRDA:61,16,0,3
BRDA:61,16,1,2
BRDA:65,17,0,2
BRDA:65,17,1,1
BRDA:71,18,0,2
BRDA:71,18,1,1
BRDA:74,19,0,2
BRDA:74,19,1,1
BRDA:74,20,0,3
BRDA:74,20,1,2
BRDA:78,21,0,1
BRDA:78,21,1,2
BRDA:78,22,0,3
BRDA:78,22,1,2
BRDA:80,23,0,1
BRDA:80,23,1,1
BRDA:80,24,0,2
BRDA:80,24,1,1
BRDA:84,25,0,1
BRDA:84,25,1,2
BRDA:84,26,0,3
BRDA:84,26,1,2
BRDA:89,27,0,1
BRDA:89,27,1,2
BRDA:89,28,0,3
BRDA:89,28,1,2
BRDA:92,29,0,2
BRDA:92,29,1,1
BRDA:92,30,0,3
BRDA:92,30,1,2
BRDA:95,31,0,2
BRDA:95,31,1,1
BRDA:95,32,0,3
BRDA:95,32,1,2
BRDA:98,33,0,2
BRDA:98,33,1,1
BRDA:98,34,0,3
BRDA:98,34,1,2
BRDA:101,35,0,2
BRDA:101,35,1,1
BRDA:101,36,0,3
BRDA:101,36,1,2
BRDA:104,37,0,2
BRDA:104,37,1,1
BRDA:104,38,0,3
BRDA:104,38,1,2
BRDA:116,39,0,1
BRDA:116,39,1,1
BRF:80
BRH:80
end_of_record
